2022-03-18 00:36:04,715-日志信息[ logger.py-42]
2022-03-18 00:36:04,908-正在执行用例：登录成功[ logger.py-42]
2022-03-18 00:36:05,296-正在执行用例：手机号为空[ logger.py-42]
2022-03-18 00:36:05,468-正在执行用例：密码为空[ logger.py-42]
2022-03-18 00:36:05,634-正在执行用例：用户名或密码错误[ logger.py-42]
2022-03-18 00:37:44,484-正在执行用例：登录成功[ logger.py-42]
2022-03-18 00:37:44,673-正在执行用例：手机号为空[ logger.py-42]
2022-03-18 00:37:44,844-正在执行用例：密码为空[ logger.py-42]
2022-03-18 00:37:45,009-正在执行用例：用户名或密码错误[ logger.py-42]
2022-03-19 17:34:39,801-正在执行用例：登录成功[ logger.py-42]
2022-03-19 17:34:40,018-正在执行用例：手机号为空[ logger.py-42]
2022-03-19 17:34:40,201-正在执行用例：密码为空[ logger.py-42]
2022-03-19 17:34:40,367-正在执行用例：用户名或密码错误[ logger.py-42]
2022-03-19 22:25:57,852-正在执行用例：登录成功[ logger.py-42]
2022-03-19 22:25:58,068-正在执行用例：手机号为空[ logger.py-42]
2022-03-19 22:25:58,247-正在执行用例：密码为空[ logger.py-42]
2022-03-19 22:25:58,416-正在执行用例：用户名或密码错误[ logger.py-42]
2022-03-19 22:32:53,388-正在执行用例：登录成功[ logger.py-42]
2022-03-19 22:32:53,557-正在执行用例：手机号为空[ logger.py-42]
2022-03-19 22:32:53,731-正在执行用例：密码为空[ logger.py-42]
2022-03-19 22:32:53,901-正在执行用例：用户名或密码错误[ logger.py-42]
2022-03-19 22:34:15,063-正在执行用例：登录成功[ logger.py-42]
2022-03-19 22:34:15,237-正在执行用例：手机号为空[ logger.py-42]
2022-03-19 22:34:15,413-正在执行用例：密码为空[ logger.py-42]
2022-03-19 22:34:15,576-正在执行用例：用户名或密码错误[ logger.py-42]
2022-03-22 20:40:10,303-正在执行用例：登录成功[ logger.py-42]
2022-03-22 20:40:10,545-正在执行用例：手机号为空[ logger.py-42]
2022-03-22 20:40:10,719-正在执行用例：密码为空[ logger.py-42]
2022-03-22 20:40:10,892-正在执行用例：用户名或密码错误[ logger.py-42]
2022-03-22 20:44:11,803-正在执行用例：登录成功[ logger.py-42]
2022-03-22 20:44:11,986-正在执行用例：手机号为空[ logger.py-42]
2022-03-22 20:44:12,156-正在执行用例：密码为空[ logger.py-42]
2022-03-22 20:44:12,322-正在执行用例：用户名或密码错误[ logger.py-42]
2022-03-27 23:41:12,524-正在执行用例：登录成功[ logger.py-42]
2022-03-27 23:41:12,887-正在执行用例：手机号为空[ logger.py-42]
2022-03-27 23:41:13,077-正在执行用例：密码为空[ logger.py-42]
2022-03-27 23:41:13,251-正在执行用例：用户名或密码错误[ logger.py-42]
2022-03-27 23:44:05,833-正在执行用例：登录成功[ logger.py-42]
2022-03-27 23:44:05,909-正在执行用例：登录成功[ logger.py-42]
2022-03-27 23:44:05,910-正在执行用例：手机号为空[ logger.py-42]
2022-03-27 23:44:05,912-正在执行用例：手机号为空[ logger.py-42]
2022-03-27 23:44:05,913-正在执行用例：密码为空[ logger.py-42]
2022-03-27 23:44:05,914-正在执行用例：密码为空[ logger.py-42]
2022-03-27 23:44:05,915-正在执行用例：用户名或密码错误[ logger.py-42]
2022-03-27 23:44:05,916-正在执行用例：用户名或密码错误[ logger.py-42]
2022-03-27 23:45:04,214-正在执行用例：登录成功[ logger.py-42]
2022-03-27 23:45:04,219-正在执行用例：登录成功[ logger.py-42]
2022-03-27 23:45:04,220-正在执行用例：手机号为空[ logger.py-42]
2022-03-27 23:45:04,221-正在执行用例：手机号为空[ logger.py-42]
2022-03-27 23:45:04,222-正在执行用例：密码为空[ logger.py-42]
2022-03-27 23:45:04,223-正在执行用例：密码为空[ logger.py-42]
2022-03-27 23:45:04,224-正在执行用例：用户名或密码错误[ logger.py-42]
2022-03-27 23:45:04,225-正在执行用例：用户名或密码错误[ logger.py-42]
2022-03-27 23:47:05,651-正在执行用例：登录成功[ logger.py-42]
2022-03-27 23:47:05,654-正在执行用例：登录成功[ logger.py-42]
2022-03-27 23:47:05,655-正在执行用例：手机号为空[ logger.py-42]
2022-03-27 23:47:05,656-正在执行用例：手机号为空[ logger.py-42]
2022-03-27 23:47:05,657-正在执行用例：密码为空[ logger.py-42]
2022-03-27 23:47:05,658-正在执行用例：密码为空[ logger.py-42]
2022-03-27 23:47:05,659-正在执行用例：用户名或密码错误[ logger.py-42]
2022-03-27 23:47:05,660-正在执行用例：用户名或密码错误[ logger.py-42]
2022-03-28 00:15:24,578-正在执行用例：登录成功[ logger.py-42]
2022-03-28 00:15:24,582-正在执行用例：登录成功[ logger.py-42]
2022-03-28 00:15:24,583-正在执行用例：手机号为空[ logger.py-42]
2022-03-28 00:15:24,584-正在执行用例：手机号为空[ logger.py-42]
2022-03-28 00:15:24,584-正在执行用例：密码为空[ logger.py-42]
2022-03-28 00:15:24,585-正在执行用例：密码为空[ logger.py-42]
2022-03-28 00:15:24,586-正在执行用例：用户名或密码错误[ logger.py-42]
2022-03-28 00:15:24,587-正在执行用例：用户名或密码错误[ logger.py-42]
2022-03-28 00:16:40,763-正在执行用例：登录成功[ logger.py-42]
2022-03-28 00:16:40,765-正在执行用例：登录成功[ logger.py-42]
2022-03-28 00:16:40,766-正在执行用例：手机号为空[ logger.py-42]
2022-03-28 00:16:40,767-正在执行用例：手机号为空[ logger.py-42]
2022-03-28 00:16:40,768-正在执行用例：密码为空[ logger.py-42]
2022-03-28 00:16:40,769-正在执行用例：密码为空[ logger.py-42]
2022-03-28 00:16:40,770-正在执行用例：用户名或密码错误[ logger.py-42]
2022-03-28 00:16:40,771-正在执行用例：用户名或密码错误[ logger.py-42]
2022-03-28 00:21:16,729-正在执行用例：登录成功[ logger.py-42]
2022-03-28 00:21:16,732-正在执行用例：登录成功[ logger.py-42]
2022-03-28 00:21:16,733-正在执行用例：手机号为空[ logger.py-42]
2022-03-28 00:21:16,734-正在执行用例：手机号为空[ logger.py-42]
2022-03-28 00:21:16,735-正在执行用例：密码为空[ logger.py-42]
2022-03-28 00:21:16,736-正在执行用例：密码为空[ logger.py-42]
2022-03-28 00:21:16,737-正在执行用例：用户名或密码错误[ logger.py-42]
2022-03-28 00:21:16,738-正在执行用例：用户名或密码错误[ logger.py-42]
2022-03-28 00:22:22,901-正在执行用例：登录成功[ logger.py-42]
2022-03-28 00:22:23,276-正在执行用例：手机号为空[ logger.py-42]
2022-03-28 00:22:23,350-正在执行用例：密码为空[ logger.py-42]
2022-03-28 00:22:23,423-正在执行用例：用户名或密码错误[ logger.py-42]
2022-03-28 00:23:28,020-正在执行用例：登录成功[ logger.py-42]
2022-03-28 00:23:28,340-正在执行用例：手机号为空[ logger.py-42]
2022-03-28 00:23:28,521-正在执行用例：密码为空[ logger.py-42]
2022-03-28 00:23:28,693-正在执行用例：用户名或密码错误[ logger.py-42]
2022-03-28 00:24:11,741-正在执行用例：登录成功[ logger.py-42]
2022-03-28 00:24:11,941-正在执行用例：手机号为空[ logger.py-42]
2022-03-28 00:24:12,119-正在执行用例：密码为空[ logger.py-42]
2022-03-28 00:24:12,303-正在执行用例：用户名或密码错误[ logger.py-42]
